<?xml version="1.0" encoding="UTF-8"?>
<!-- Generated by org.testng.reporters.JUnitReportReporter -->
<testsuite hostname="Himalaya-Laptop" failures="0" tests="2" name="test.ForgotPasswordTest" time="28.107" errors="0" timestamp="2025-04-22T19:30:11 IST" skipped="0">
  <testcase classname="test.ForgotPasswordTest" name="testForgotPasswordFlow" time="12.868"/>
  <testcase classname="test.ForgotPasswordTest" name="testDirectLogin" time="15.239"/>
</testsuite> <!-- test.ForgotPasswordTest -->
