<?xml version="1.0" encoding="UTF-8"?>
<!-- Generated by org.testng.reporters.JUnitReportReporter -->
<testsuite hostname="Himalaya-Laptop" failures="0" tests="1" name="test.SimpleTest" time="0.058" errors="0" timestamp="2025-04-22T19:17:07 IST" skipped="0">
  <testcase classname="test.SimpleTest" name="simpleTest" time="0.058"/>
</testsuite> <!-- test.SimpleTest -->
